#
# There is insufficient memory for the Java Runtime Environment to continue.
# Native memory allocation (malloc) failed to allocate 715376 bytes for Chunk::new
# Possible reasons:
#   The system is out of physical RAM or swap space
#   In 32 bit mode, the process size limit was hit
# Possible solutions:
#   Reduce memory load on the system
#   Increase physical memory or swap space
#   Check if swap backing store is full
#   Use 64 bit Java on a 64 bit OS
#   Decrease Java heap size (-Xmx/-Xms)
#   Decrease number of Java threads
#   Decrease Java thread stack sizes (-Xss)
#   Set larger code cache with -XX:ReservedCodeCacheSize=
# This output file may be truncated or incomplete.
#
#  Out of Memory Error (allocation.cpp:390), pid=732, tid=0x00000000000014c0
#
# JRE version: Java(TM) SE Runtime Environment (8.0_101-b13) (build 1.8.0_101-b13)
# Java VM: Java HotSpot(TM) 64-Bit Server VM (25.101-b13 mixed mode windows-amd64 compressed oops)
# Failed to write core dump. Minidumps are not enabled by default on client versions of Windows
#

---------------  T H R E A D  ---------------

Current thread (0x0000000014bab000):  JavaThread "C2 CompilerThread0" daemon [_thread_in_native, id=5312, stack(0x0000000015bc0000,0x0000000015cc0000)]

Stack: [0x0000000015bc0000,0x0000000015cc0000]
[error occurred during error reporting (printing stack bounds), id 0xc0000005]

Native frames: (J=compiled Java code, j=interpreted, Vv=VM code, C=native code)


Current CompileTask:
C2:   8158 1577       4       com.android.dx.ssa.SsaRenamer$BlockRenamer::process (191 bytes)


---------------  P R O C E S S  ---------------

Java Threads: ( => current thread )
  0x00000000161f3800 JavaThread "pool-1-thread-4" [_thread_blocked, id=1236, stack(0x00000000167c0000,0x00000000168c0000)]
  0x00000000161f1800 JavaThread "pool-1-thread-3" [_thread_in_vm, id=6076, stack(0x00000000166c0000,0x00000000167c0000)]
  0x00000000161ec800 JavaThread "pool-1-thread-2" [_thread_blocked, id=5744, stack(0x00000000165c0000,0x00000000166c0000)]
  0x00000000161dc800 JavaThread "pool-2-thread-1" [_thread_blocked, id=4764, stack(0x00000000164c0000,0x00000000165c0000)]
  0x00000000161d9800 JavaThread "pool-1-thread-1" [_thread_in_Java, id=5240, stack(0x00000000163c0000,0x00000000164c0000)]
  0x0000000014c05000 JavaThread "Service Thread" daemon [_thread_blocked, id=3080, stack(0x0000000015dc0000,0x0000000015ec0000)]
  0x0000000014bae000 JavaThread "C1 CompilerThread1" daemon [_thread_blocked, id=3120, stack(0x0000000015cc0000,0x0000000015dc0000)]
=>0x0000000014bab000 JavaThread "C2 CompilerThread0" daemon [_thread_in_native, id=5312, stack(0x0000000015bc0000,0x0000000015cc0000)]
  0x0000000014ba9000 JavaThread "Attach Listener" daemon [_thread_blocked, id=1652, stack(0x0000000015ac0000,0x0000000015bc0000)]
  0x000000000271e800 JavaThread "Signal Dispatcher" daemon [_thread_blocked, id=244, stack(0x00000000159c0000,0x0000000015ac0000)]
  0x0000000014b98800 JavaThread "Finalizer" daemon [_thread_blocked, id=3132, stack(0x00000000157e0000,0x00000000158e0000)]
  0x000000000270b800 JavaThread "Reference Handler" daemon [_thread_blocked, id=1780, stack(0x00000000156e0000,0x00000000157e0000)]
  0x0000000002620800 JavaThread "main" [_thread_blocked, id=3276, stack(0x0000000002470000,0x0000000002570000)]

Other Threads:
  0x0000000014b76000 VMThread [stack: 0x00000000155e0000,0x00000000156e0000] [id=5212]
  0x0000000014c0b800 WatcherThread [stack: 0x0000000015ec0000,0x0000000015fc0000] [id=3328]

VM state:not at safepoint (normal execution)

VM Mutex/Monitor currently owned by a thread: None

Heap:
 PSYoungGen      total 35328K, used 8149K [0x00000000eab00000, 0x00000000efa00000, 0x0000000100000000)
  eden space 32768K, 17% used [0x00000000eab00000,0x00000000eb079098,0x00000000ecb00000)
  from space 2560K, 99% used [0x00000000ecb00000,0x00000000ecd7c558,0x00000000ecd80000)
  to   space 7680K, 0% used [0x00000000ef280000,0x00000000ef280000,0x00000000efa00000)
 ParOldGen       total 44032K, used 14253K [0x00000000c0000000, 0x00000000c2b00000, 0x00000000eab00000)
  object space 44032K, 32% used [0x00000000c0000000,0x00000000c0deb6a0,0x00000000c2b00000)
 Metaspace       used 6266K, capacity 7094K, committed 7296K, reserved 1056768K
  class space    used 609K, capacity 622K, committed 640K, reserved 1048576K

Card table byte_map: [0x0000000011ae0000,0x0000000011cf0000] byte_map_base: 0x00000000114e0000

Marking Bits: (ParMarkBitMap*) 0x000000005d7da6d0
 Begin Bits: [0x0000000012050000, 0x0000000013050000)
 End Bits:   [0x0000000013050000, 0x0000000014050000)

Polling page: 0x0000000000cc0000

CodeCache: size=245760Kb used=6659Kb max_used=6659Kb free=239100Kb
 bounds [0x0000000002720000, 0x0000000002db0000, 0x0000000011720000]
 total_blobs=1860 nmethods=1592 adapters=182
 compilation: enabled

Compilation events (10 events):
Event: 8.024 Thread 0x0000000014bae000 1612       2       java.util.TreeMap$EntrySet::iterator (19 bytes)
Event: 8.024 Thread 0x0000000014bae000 nmethod 1612 0x0000000002da5110 code [0x0000000002da5280, 0x0000000002da54f0]
Event: 8.027 Thread 0x0000000014bae000 1613       2       java.util.Arrays::copyOf (19 bytes)
Event: 8.028 Thread 0x0000000014bae000 nmethod 1613 0x0000000002da5650 code [0x0000000002da57c0, 0x0000000002da5a28]
Event: 8.029 Thread 0x0000000014bae000 1614       2       java.util.ArrayList$SubList::get (23 bytes)
Event: 8.030 Thread 0x0000000014bae000 nmethod 1614 0x0000000002da5b10 code [0x0000000002da5ca0, 0x0000000002da5f88]
Event: 8.031 Thread 0x0000000014bae000 1615       2       com.android.dx.rop.code.ThrowingInsn::withNewRegisters (21 bytes)
Event: 8.031 Thread 0x0000000014bae000 nmethod 1615 0x0000000002da6250 code [0x0000000002da63c0, 0x0000000002da65a8]
Event: 8.047 Thread 0x0000000014bae000 1616       2       com.android.dx.rop.cst.CstType::getType (4 bytes)
Event: 8.048 Thread 0x0000000014bae000 nmethod 1616 0x0000000002da6690 code [0x0000000002da67e0, 0x0000000002da6930]

GC Heap History (10 events):
Event: 1.806 GC heap before
{Heap before GC invocations=1 (full 0):
 PSYoungGen      total 18944K, used 16384K [0x00000000eab00000, 0x00000000ec000000, 0x0000000100000000)
  eden space 16384K, 100% used [0x00000000eab00000,0x00000000ebb00000,0x00000000ebb00000)
  from space 2560K, 0% used [0x00000000ebd80000,0x00000000ebd80000,0x00000000ec000000)
  to   space 2560K, 0% used [0x00000000ebb00000,0x00000000ebb00000,0x00000000ebd80000)
 ParOldGen       total 44032K, used 0K [0x00000000c0000000, 0x00000000c2b00000, 0x00000000eab00000)
  object space 44032K, 0% used [0x00000000c0000000,0x00000000c0000000,0x00000000c2b00000)
 Metaspace       used 5832K, capacity 6770K, committed 7040K, reserved 1056768K
  class space    used 600K, capacity 618K, committed 640K, reserved 1048576K
Event: 1.822 GC heap after
Heap after GC invocations=1 (full 0):
 PSYoungGen      total 18944K, used 2538K [0x00000000eab00000, 0x00000000ec000000, 0x0000000100000000)
  eden space 16384K, 0% used [0x00000000eab00000,0x00000000eab00000,0x00000000ebb00000)
  from space 2560K, 99% used [0x00000000ebb00000,0x00000000ebd7aaa8,0x00000000ebd80000)
  to   space 2560K, 0% used [0x00000000ebd80000,0x00000000ebd80000,0x00000000ec000000)
 ParOldGen       total 44032K, used 1499K [0x00000000c0000000, 0x00000000c2b00000, 0x00000000eab00000)
  object space 44032K, 3% used [0x00000000c0000000,0x00000000c0176f70,0x00000000c2b00000)
 Metaspace       used 5832K, capacity 6770K, committed 7040K, reserved 1056768K
  class space    used 600K, capacity 618K, committed 640K, reserved 1048576K
}
Event: 3.003 GC heap before
{Heap before GC invocations=2 (full 0):
 PSYoungGen      total 18944K, used 18922K [0x00000000eab00000, 0x00000000ec000000, 0x0000000100000000)
  eden space 16384K, 100% used [0x00000000eab00000,0x00000000ebb00000,0x00000000ebb00000)
  from space 2560K, 99% used [0x00000000ebb00000,0x00000000ebd7aaa8,0x00000000ebd80000)
  to   space 2560K, 0% used [0x00000000ebd80000,0x00000000ebd80000,0x00000000ec000000)
 ParOldGen       total 44032K, used 1499K [0x00000000c0000000, 0x00000000c2b00000, 0x00000000eab00000)
  object space 44032K, 3% used [0x00000000c0000000,0x00000000c0176f70,0x00000000c2b00000)
 Metaspace       used 6089K, capacity 6964K, committed 7040K, reserved 1056768K
  class space    used 606K, capacity 620K, committed 640K, reserved 1048576K
Event: 3.401 GC heap after
Heap after GC invocations=2 (full 0):
 PSYoungGen      total 18944K, used 2547K [0x00000000eab00000, 0x00000000ed000000, 0x0000000100000000)
  eden space 16384K, 0% used [0x00000000eab00000,0x00000000eab00000,0x00000000ebb00000)
  from space 2560K, 99% used [0x00000000ebd80000,0x00000000ebffce40,0x00000000ec000000)
  to   space 2560K, 0% used [0x00000000ebb00000,0x00000000ebb00000,0x00000000ebd80000)
 ParOldGen       total 44032K, used 3339K [0x00000000c0000000, 0x00000000c2b00000, 0x00000000eab00000)
  object space 44032K, 7% used [0x00000000c0000000,0x00000000c0342e90,0x00000000c2b00000)
 Metaspace       used 6089K, capacity 6964K, committed 7040K, reserved 1056768K
  class space    used 606K, capacity 620K, committed 640K, reserved 1048576K
}
Event: 4.543 GC heap before
{Heap before GC invocations=3 (full 0):
 PSYoungGen      total 18944K, used 18931K [0x00000000eab00000, 0x00000000ed000000, 0x0000000100000000)
  eden space 16384K, 100% used [0x00000000eab00000,0x00000000ebb00000,0x00000000ebb00000)
  from space 2560K, 99% used [0x00000000ebd80000,0x00000000ebffce40,0x00000000ec000000)
  to   space 2560K, 0% used [0x00000000ebb00000,0x00000000ebb00000,0x00000000ebd80000)
 ParOldGen       total 44032K, used 3339K [0x00000000c0000000, 0x00000000c2b00000, 0x00000000eab00000)
  object space 44032K, 7% used [0x00000000c0000000,0x00000000c0342e90,0x00000000c2b00000)
 Metaspace       used 6216K, capacity 7092K, committed 7296K, reserved 1056768K
  class space    used 606K, capacity 620K, committed 640K, reserved 1048576K
Event: 4.959 GC heap after
Heap after GC invocations=3 (full 0):
 PSYoungGen      total 18944K, used 2553K [0x00000000eab00000, 0x00000000ed000000, 0x0000000100000000)
  eden space 16384K, 0% used [0x00000000eab00000,0x00000000eab00000,0x00000000ebb00000)
  from space 2560K, 99% used [0x00000000ebb00000,0x00000000ebd7e690,0x00000000ebd80000)
  to   space 2560K, 0% used [0x00000000ecd80000,0x00000000ecd80000,0x00000000ed000000)
 ParOldGen       total 44032K, used 6457K [0x00000000c0000000, 0x00000000c2b00000, 0x00000000eab00000)
  object space 44032K, 14% used [0x00000000c0000000,0x00000000c064e490,0x00000000c2b00000)
 Metaspace       used 6216K, capacity 7092K, committed 7296K, reserved 1056768K
  class space    used 606K, capacity 620K, committed 640K, reserved 1048576K
}
Event: 6.264 GC heap before
{Heap before GC invocations=4 (full 0):
 PSYoungGen      total 18944K, used 18937K [0x00000000eab00000, 0x00000000ed000000, 0x0000000100000000)
  eden space 16384K, 100% used [0x00000000eab00000,0x00000000ebb00000,0x00000000ebb00000)
  from space 2560K, 99% used [0x00000000ebb00000,0x00000000ebd7e690,0x00000000ebd80000)
  to   space 2560K, 0% used [0x00000000ecd80000,0x00000000ecd80000,0x00000000ed000000)
 ParOldGen       total 44032K, used 6457K [0x00000000c0000000, 0x00000000c2b00000, 0x00000000eab00000)
  object space 44032K, 14% used [0x00000000c0000000,0x00000000c064e490,0x00000000c2b00000)
 Metaspace       used 6240K, capacity 7094K, committed 7296K, reserved 1056768K
  class space    used 609K, capacity 622K, committed 640K, reserved 1048576K
Event: 6.653 GC heap after
Heap after GC invocations=4 (full 0):
 PSYoungGen      total 35328K, used 2545K [0x00000000eab00000, 0x00000000ed000000, 0x0000000100000000)
  eden space 32768K, 0% used [0x00000000eab00000,0x00000000eab00000,0x00000000ecb00000)
  from space 2560K, 99% used [0x00000000ecd80000,0x00000000ecffc428,0x00000000ed000000)
  to   space 2560K, 0% used [0x00000000ecb00000,0x00000000ecb00000,0x00000000ecd80000)
 ParOldGen       total 44032K, used 9232K [0x00000000c0000000, 0x00000000c2b00000, 0x00000000eab00000)
  object space 44032K, 20% used [0x00000000c0000000,0x00000000c09042f8,0x00000000c2b00000)
 Metaspace       used 6240K, capacity 7094K, committed 7296K, reserved 1056768K
  class space    used 609K, capacity 622K, committed 640K, reserved 1048576K
}
Event: 7.893 GC heap before
{Heap before GC invocations=5 (full 0):
 PSYoungGen      total 35328K, used 35313K [0x00000000eab00000, 0x00000000ed000000, 0x0000000100000000)
  eden space 32768K, 100% used [0x00000000eab00000,0x00000000ecb00000,0x00000000ecb00000)
  from space 2560K, 99% used [0x00000000ecd80000,0x00000000ecffc428,0x00000000ed000000)
  to   space 2560K, 0% used [0x00000000ecb00000,0x00000000ecb00000,0x00000000ecd80000)
 ParOldGen       total 44032K, used 9232K [0x00000000c0000000, 0x00000000c2b00000, 0x00000000eab00000)
  object space 44032K, 20% used [0x00000000c0000000,0x00000000c09042f8,0x00000000c2b00000)
 Metaspace       used 6260K, capacity 7094K, committed 7296K, reserved 1056768K
  class space    used 609K, capacity 622K, committed 640K, reserved 1048576K
Event: 7.958 GC heap after
Heap after GC invocations=5 (full 0):
 PSYoungGen      total 35328K, used 2545K [0x00000000eab00000, 0x00000000efa00000, 0x0000000100000000)
  eden space 32768K, 0% used [0x00000000eab00000,0x00000000eab00000,0x00000000ecb00000)
  from space 2560K, 99% used [0x00000000ecb00000,0x00000000ecd7c558,0x00000000ecd80000)
  to   space 7680K, 0% used [0x00000000ef280000,0x00000000ef280000,0x00000000efa00000)
 ParOldGen       total 44032K, used 14253K [0x00000000c0000000, 0x00000000c2b00000, 0x00000000eab00000)
  object space 44032K, 32% used [0x00000000c0000000,0x00000000c0deb6a0,0x00000000c2b00000)
 Metaspace       used 6260K, capacity 7094K, committed 7296K, reserved 1056768K
  class space    used 609K, capacity 622K, committed 640K, reserved 1048576K
}

Deoptimization events (10 events):
Event: 5.933 Thread 0x00000000161ec800 Uncommon trap: reason=unstable_if action=reinterpret pc=0x0000000002bf99b8 method=com.android.dx.cf.code.Ropper.labelToResultIndex(I)I @ 34
Event: 5.935 Thread 0x00000000161ec800 Uncommon trap: reason=unstable_if action=reinterpret pc=0x0000000002d1f4ec method=com.android.dx.util.LabeledList.set(ILcom/android/dx/util/LabeledItem;)V @ 16
Event: 5.949 Thread 0x00000000161ec800 Uncommon trap: reason=class_check action=maybe_recompile pc=0x0000000002c0cf4c method=java.util.HashMap.putVal(ILjava/lang/Object;Ljava/lang/Object;ZZ)Ljava/lang/Object; @ 203
Event: 5.949 Thread 0x00000000161ec800 Uncommon trap: reason=bimorphic action=maybe_recompile pc=0x00000000029ccc70 method=java.util.HashMap.getNode(ILjava/lang/Object;)Ljava/util/HashMap$Node; @ 126
Event: 5.949 Thread 0x00000000161ec800 Uncommon trap: reason=bimorphic action=maybe_recompile pc=0x00000000029ccc70 method=java.util.HashMap.getNode(ILjava/lang/Object;)Ljava/util/HashMap$Node; @ 126
Event: 6.751 Thread 0x00000000161ec800 Uncommon trap: reason=bimorphic action=maybe_recompile pc=0x0000000002cbc218 method=java.util.HashMap.getNode(ILjava/lang/Object;)Ljava/util/HashMap$Node; @ 126
Event: 6.751 Thread 0x00000000161ec800 Uncommon trap: reason=class_check action=maybe_recompile pc=0x0000000002c0cf4c method=java.util.HashMap.putVal(ILjava/lang/Object;Ljava/lang/Object;ZZ)Ljava/lang/Object; @ 203
Event: 6.751 Thread 0x00000000161ec800 Uncommon trap: reason=class_check action=maybe_recompile pc=0x0000000002c0cf4c method=java.util.HashMap.putVal(ILjava/lang/Object;Ljava/lang/Object;ZZ)Ljava/lang/Object; @ 203
Event: 6.751 Thread 0x00000000161ec800 Uncommon trap: reason=bimorphic action=maybe_recompile pc=0x00000000029ccc70 method=java.util.HashMap.getNode(ILjava/lang/Object;)Ljava/util/HashMap$Node; @ 126
Event: 7.620 Thread 0x00000000161d9800 Uncommon trap: reason=unstable_if action=reinterpret pc=0x0000000002c98c10 method=com.android.dx.ssa.SCCP.simulateStmt(Lcom/android/dx/ssa/SsaInsn;)V @ 59

Internal exceptions (3 events):
Event: 0.108 Thread 0x0000000002620800 Exception <a 'java/lang/NoSuchMethodError': Method sun.misc.Unsafe.defineClass(Ljava/lang/String;[BII)Ljava/lang/Class; name or signature does not match> (0x00000000eab07cc0) thrown at [C:\re\workspace\8-2-build-windows-amd64-cygwin\jdk8u101\7261\hotspot\swV˚òª?
Event: 0.108 Thread 0x0000000002620800 Exception <a 'java/lang/NoSuchMethodError': Method sun.misc.Unsafe.prefetchRead(Ljava/lang/Object;J)V name or signature does not match> (0x00000000eab07fa8) thrown at [C:\re\workspace\8-2-build-windows-amd64-cygwin\jdk8u101\7261\hotspot\src\share\vm\prims\í?gç›@
Event: 2.733 Thread 0x00000000161ec800 Implicit null exception at 0x0000000002c313e2 to 0x0000000002c31481

Events (10 events):
Event: 6.751 Thread 0x00000000161ec800 DEOPT PACKING pc=0x0000000002c0cf4c sp=0x00000000166bec80
Event: 6.751 Thread 0x00000000161ec800 DEOPT UNPACKING pc=0x000000000276556a sp=0x00000000166bebf8 mode 2
Event: 6.751 Thread 0x00000000161ec800 Uncommon trap: trap_request=0xffffffc6 fr.pc=0x00000000029ccc70
Event: 6.751 Thread 0x00000000161ec800 DEOPT PACKING pc=0x00000000029ccc70 sp=0x00000000166be950
Event: 6.751 Thread 0x00000000161ec800 DEOPT UNPACKING pc=0x000000000276556a sp=0x00000000166be878 mode 2
Event: 7.620 Thread 0x00000000161d9800 Uncommon trap: trap_request=0xffffff65 fr.pc=0x0000000002c98c10
Event: 7.620 Thread 0x00000000161d9800 DEOPT PACKING pc=0x0000000002c98c10 sp=0x00000000164be480
Event: 7.620 Thread 0x00000000161d9800 DEOPT UNPACKING pc=0x000000000276556a sp=0x00000000164be448 mode 2
Event: 7.683 Executing VM operation: ParallelGCFailedAllocation
Event: 7.958 Executing VM operation: ParallelGCFailedAllocation done


Dynamic libraries:
0x00007ff759730000 - 0x00007ff759767000 	C:\Program Files\Java\jdk1.8.0_101\bin\java.exe
0x00007ffc13790000 - 0x00007ffc13951000 	C:\Windows\SYSTEM32\ntdll.dll
0x00007ffc132f0000 - 0x00007ffc1339d000 	C:\Windows\system32\KERNEL32.DLL
0x00007ffc108a0000 - 0x00007ffc10a88000 	C:\Windows\system32\KERNELBASE.dll
0x00007ffc129c0000 - 0x00007ffc12a67000 	C:\Windows\system32\ADVAPI32.dll
0x00007ffc10c00000 - 0x00007ffc10c9d000 	C:\Windows\system32\msvcrt.dll
0x00007ffc12950000 - 0x00007ffc129ab000 	C:\Windows\system32\sechost.dll
0x00007ffc12ea0000 - 0x00007ffc12fbc000 	C:\Windows\system32\RPCRT4.dll
0x00007ffc10e70000 - 0x00007ffc10fc6000 	C:\Windows\system32\USER32.dll
0x00007ffc133a0000 - 0x00007ffc13526000 	C:\Windows\system32\GDI32.dll
0x00007ffc04d80000 - 0x00007ffc04ff4000 	C:\Windows\WinSxS\amd64_microsoft.windows.common-controls_6595b64144ccf1df_6.0.10586.589_none_a2ddb3caa539acce\COMCTL32.dll
0x00007ffc12530000 - 0x00007ffc127ad000 	C:\Windows\system32\combase.dll
0x00007ffc10830000 - 0x00007ffc1089a000 	C:\Windows\system32\bcryptPrimitives.dll
0x00007ffc13750000 - 0x00007ffc1378b000 	C:\Windows\system32\IMM32.DLL
0x000000005c440000 - 0x000000005c512000 	C:\Program Files\Java\jdk1.8.0_101\jre\bin\msvcr100.dll
0x000000005cfc0000 - 0x000000005d85a000 	C:\Program Files\Java\jdk1.8.0_101\jre\bin\server\jvm.dll
0x00007ffc129b0000 - 0x00007ffc129b8000 	C:\Windows\system32\PSAPI.DLL
0x00007ffc0bd00000 - 0x00007ffc0bd09000 	C:\Windows\SYSTEM32\WSOCK32.dll
0x00007ffc10b90000 - 0x00007ffc10bfb000 	C:\Windows\system32\WS2_32.dll
0x00007ffc0dd90000 - 0x00007ffc0ddb3000 	C:\Windows\SYSTEM32\WINMM.dll
0x00007ffc0cb40000 - 0x00007ffc0cb4a000 	C:\Windows\SYSTEM32\VERSION.dll
0x00007ffc0dd60000 - 0x00007ffc0dd8c000 	C:\Windows\SYSTEM32\WINMMBASE.dll
0x00007ffc10b40000 - 0x00007ffc10b83000 	C:\Windows\system32\cfgmgr32.dll
0x000000005ced0000 - 0x000000005cedf000 	C:\Program Files\Java\jdk1.8.0_101\jre\bin\verify.dll
0x000000005cea0000 - 0x000000005cec9000 	C:\Program Files\Java\jdk1.8.0_101\jre\bin\java.dll
0x000000005ce80000 - 0x000000005ce96000 	C:\Program Files\Java\jdk1.8.0_101\jre\bin\zip.dll
0x00007ffc10fd0000 - 0x00007ffc1252c000 	C:\Windows\system32\SHELL32.dll
0x00007ffc0ff00000 - 0x00007ffc10545000 	C:\Windows\system32\windows.storage.dll
0x00007ffc13640000 - 0x00007ffc13692000 	C:\Windows\system32\shlwapi.dll
0x00007ffc0fe30000 - 0x00007ffc0fe3f000 	C:\Windows\system32\kernel.appcore.dll
0x00007ffc0fe40000 - 0x00007ffc0fef5000 	C:\Windows\system32\shcore.dll
0x00007ffc0fdb0000 - 0x00007ffc0fdfb000 	C:\Windows\system32\powrprof.dll
0x00007ffc0fe00000 - 0x00007ffc0fe14000 	C:\Windows\system32\profapi.dll

VM Arguments:
jvm_args: -Djava.awt.headless=true -Xmx1024M -Dfile.encoding=windows-1254 -Duser.country=TR -Duser.language=tr -Duser.variant 
java_command: com.android.dx.command.Main --dex --force-jumbo --num-threads=4 --output C:\Users\Mert\AndroidStudioProjects\RadioStar\app\build\intermediates\pre-dexed\debug\com.android.support-design-24.1.1_5002f5207d3c8946770c587bb8ab138898baa23e.jar C:\Users\Mert\AndroidStudioProjects\RadioStar\app\build\intermediates\exploded-aar\com.android.support\design\24.1.1\jars\classes.jar
java_class_path (initial): C:\Users\Mert\AppData\Local\Android\sdk\build-tools\24.0.1\lib\dx.jar
Launcher Type: SUN_STANDARD

Environment Variables:
PATH=C:\ProgramData\Oracle\Java\javapath;C:\Windows\system32;C:\Windows;C:\Windows\System32\Wbem;C:\Windows\System32\WindowsPowerShell\v1.0\
USERNAME=Mert
OS=Windows_NT
PROCESSOR_IDENTIFIER=Intel64 Family 6 Model 23 Stepping 10, GenuineIntel



---------------  S Y S T E M  ---------------

OS: Windows 10.0 , 64 bit Build 10586 (10.0.10586.589)

CPU:total 2 (2 cores per cpu, 1 threads per core) family 6 model 23 stepping 10, cmov, cx8, fxsr, mmx, sse, sse2, sse3, ssse3, sse4.1, tsc

Memory: 4k page, physical 4160700k(379088k free), swap 4160700k(4700k free)

vm_info: Java HotSpot(TM) 64-Bit Server VM (25.101-b13) for windows-amd64 JRE (1.8.0_101-b13), built on Jun 22 2016 01:21:29 by "java_re" with MS VC++ 10.0 (VS2010)

time: Sun Oct 02 17:31:47 2016
elapsed time: 8 seconds (0d 0h 0m 8s)

