#
# There is insufficient memory for the Java Runtime Environment to continue.
# Native memory allocation (malloc) failed to allocate 1048576 bytes for AllocateHeap
# Possible reasons:
#   The system is out of physical RAM or swap space
#   In 32 bit mode, the process size limit was hit
# Possible solutions:
#   Reduce memory load on the system
#   Increase physical memory or swap space
#   Check if swap backing store is full
#   Use 64 bit Java on a 64 bit OS
#   Decrease Java heap size (-Xmx/-Xms)
#   Decrease number of Java threads
#   Decrease Java thread stack sizes (-Xss)
#   Set larger code cache with -XX:ReservedCodeCacheSize=
# This output file may be truncated or incomplete.
#
#  Out of Memory Error (memory/allocation.inline.hpp:61), pid=2588, tid=0x0000000000000534
#
# JRE version:  (8.0_101-b13) (build )
# Java VM: Java HotSpot(TM) 64-Bit Server VM (25.101-b13 mixed mode windows-amd64 compressed oops)
# Failed to write core dump. Minidumps are not enabled by default on client versions of Windows
#

---------------  T H R E A D  ---------------

Current thread (0x0000000002430800):  JavaThread "Unknown thread" [_thread_in_vm, id=1332, stack(0x0000000000a90000,0x0000000000b90000)]

Stack: [0x0000000000a90000,0x0000000000b90000]
[error occurred during error reporting (printing stack bounds), id 0xc0000005]

Native frames: (J=compiled Java code, j=interpreted, Vv=VM code, C=native code)


---------------  P R O C E S S  ---------------

Java Threads: ( => current thread )

Other Threads:

=>0x0000000002430800 (exited) JavaThread "Unknown thread" [_thread_in_vm, id=1332, stack(0x0000000000a90000,0x0000000000b90000)]

VM state:not at safepoint (normal execution)

VM Mutex/Monitor currently owned by a thread: None

Heap:
 PSYoungGen      total 18944K, used 327K [0x00000000eab00000, 0x00000000ec000000, 0x0000000100000000)
  eden space 16384K, 2% used [0x00000000eab00000,0x00000000eab51ec8,0x00000000ebb00000)
  from space 2560K, 0% used [0x00000000ebd80000,0x00000000ebd80000,0x00000000ec000000)
  to   space 2560K, 0% used [0x00000000ebb00000,0x00000000ebb00000,0x00000000ebd80000)
 ParOldGen       total 44032K, used 0K [0x00000000c0000000, 0x00000000c2b00000, 0x00000000eab00000)
  object space 44032K, 0% used [0x00000000c0000000,0x00000000c0000000,0x00000000c2b00000)
 Metaspace       used 769K, capacity 4480K, committed 4480K, reserved 1056768K
  class space    used 75K, capacity 384K, committed 384K, reserved 1048576K

Card table byte_map: [0x00000000118f0000,0x0000000011b00000] byte_map_base: 0x00000000112f0000

Marking Bits: (ParMarkBitMap*) 0x000000005d7da6d0
 Begin Bits: [0x0000000011e60000, 0x0000000012e60000)
 End Bits:   [0x0000000012e60000, 0x0000000013e60000)

Polling page: 0x0000000000b90000

CodeCache: size=245760Kb used=327Kb max_used=327Kb free=245432Kb
 bounds [0x0000000002530000, 0x00000000027a0000, 0x0000000011530000]
 total_blobs=56 nmethods=0 adapters=38
 compilation: enabled

Compilation events (0 events):
No events

GC Heap History (0 events):
No events

Deoptimization events (0 events):
No events

Internal exceptions (0 events):
No events

Events (10 events):
Event: 1.411 loading class java/lang/Short
Event: 1.411 loading class java/lang/Short done
Event: 1.411 loading class java/lang/Integer
Event: 1.411 loading class java/lang/Integer done
Event: 1.411 loading class java/lang/Long
Event: 1.412 loading class java/lang/Long done
Event: 1.413 loading class java/lang/NullPointerException
Event: 1.413 loading class java/lang/NullPointerException done
Event: 1.413 loading class java/lang/ArithmeticException
Event: 1.413 loading class java/lang/ArithmeticException done


Dynamic libraries:
0x00007ff759730000 - 0x00007ff759767000 	C:\Program Files\Java\jdk1.8.0_101\bin\java.exe
0x00007ffc13790000 - 0x00007ffc13951000 	C:\Windows\SYSTEM32\ntdll.dll
0x00007ffc132f0000 - 0x00007ffc1339d000 	C:\Windows\system32\KERNEL32.DLL
0x00007ffc108a0000 - 0x00007ffc10a88000 	C:\Windows\system32\KERNELBASE.dll
0x00007ffc129c0000 - 0x00007ffc12a67000 	C:\Windows\system32\ADVAPI32.dll
0x00007ffc10c00000 - 0x00007ffc10c9d000 	C:\Windows\system32\msvcrt.dll
0x00007ffc12950000 - 0x00007ffc129ab000 	C:\Windows\system32\sechost.dll
0x00007ffc12ea0000 - 0x00007ffc12fbc000 	C:\Windows\system32\RPCRT4.dll
0x00007ffc10e70000 - 0x00007ffc10fc6000 	C:\Windows\system32\USER32.dll
0x00007ffc133a0000 - 0x00007ffc13526000 	C:\Windows\system32\GDI32.dll
0x00007ffc04d80000 - 0x00007ffc04ff4000 	C:\Windows\WinSxS\amd64_microsoft.windows.common-controls_6595b64144ccf1df_6.0.10586.589_none_a2ddb3caa539acce\COMCTL32.dll
0x00007ffc12530000 - 0x00007ffc127ad000 	C:\Windows\system32\combase.dll
0x00007ffc10830000 - 0x00007ffc1089a000 	C:\Windows\system32\bcryptPrimitives.dll
0x00007ffc13750000 - 0x00007ffc1378b000 	C:\Windows\system32\IMM32.DLL
0x000000005c440000 - 0x000000005c512000 	C:\Program Files\Java\jdk1.8.0_101\jre\bin\msvcr100.dll
0x000000005cfc0000 - 0x000000005d85a000 	C:\Program Files\Java\jdk1.8.0_101\jre\bin\server\jvm.dll
0x00007ffc129b0000 - 0x00007ffc129b8000 	C:\Windows\system32\PSAPI.DLL
0x00007ffc0bd00000 - 0x00007ffc0bd09000 	C:\Windows\SYSTEM32\WSOCK32.dll
0x00007ffc10b90000 - 0x00007ffc10bfb000 	C:\Windows\system32\WS2_32.dll
0x00007ffc0dd90000 - 0x00007ffc0ddb3000 	C:\Windows\SYSTEM32\WINMM.dll
0x00007ffc0cb40000 - 0x00007ffc0cb4a000 	C:\Windows\SYSTEM32\VERSION.dll
0x00007ffc0dd60000 - 0x00007ffc0dd8c000 	C:\Windows\SYSTEM32\WINMMBASE.dll
0x00007ffc10b40000 - 0x00007ffc10b83000 	C:\Windows\system32\cfgmgr32.dll
0x000000005ced0000 - 0x000000005cedf000 	C:\Program Files\Java\jdk1.8.0_101\jre\bin\verify.dll
0x000000005cea0000 - 0x000000005cec9000 	C:\Program Files\Java\jdk1.8.0_101\jre\bin\java.dll
0x000000005ce80000 - 0x000000005ce96000 	C:\Program Files\Java\jdk1.8.0_101\jre\bin\zip.dll

VM Arguments:
jvm_args: -Djava.awt.headless=true -Xmx1024M -Dfile.encoding=windows-1254 -Duser.country=TR -Duser.language=tr -Duser.variant 
java_command: com.android.dx.command.Main --dex --force-jumbo --num-threads=4 --output C:\Users\Mert\AndroidStudioProjects\RadioStar\app\build\intermediates\pre-dexed\debug\support-annotations-24.1.1_d95078e4aa3c28bfa752262efa1926e18b9f8e17.jar C:\Users\Mert\.gradle\caches\modules-2\files-2.1\com.android.support\support-annotations\24.1.1\3af19f153122737b372622fa6c81dd11a1c6b999\support-annotations-24.1.1.jar
java_class_path (initial): C:\Users\Mert\AppData\Local\Android\sdk\build-tools\24.0.1\lib\dx.jar
Launcher Type: SUN_STANDARD

Environment Variables:
PATH=C:\ProgramData\Oracle\Java\javapath;C:\Windows\system32;C:\Windows;C:\Windows\System32\Wbem;C:\Windows\System32\WindowsPowerShell\v1.0\
USERNAME=Mert
OS=Windows_NT
PROCESSOR_IDENTIFIER=Intel64 Family 6 Model 23 Stepping 10, GenuineIntel



---------------  S Y S T E M  ---------------

OS: Windows 10.0 , 64 bit Build 10586 (10.0.10586.589)

CPU:total 2 (2 cores per cpu, 1 threads per core) family 6 model 23 stepping 10, cmov, cx8, fxsr, mmx, sse, sse2, sse3, ssse3, sse4.1, tsc

Memory: 4k page, physical 4160700k(370316k free), swap 4160700k(5600k free)

vm_info: Java HotSpot(TM) 64-Bit Server VM (25.101-b13) for windows-amd64 JRE (1.8.0_101-b13), built on Jun 22 2016 01:21:29 by "java_re" with MS VC++ 10.0 (VS2010)

time: Sun Oct 02 17:31:11 2016
elapsed time: 1 seconds (0d 0h 0m 1s)

