#
# There is insufficient memory for the Java Runtime Environment to continue.
# Native memory allocation (malloc) failed to allocate 1021856 bytes for Chunk::new
# Possible reasons:
#   The system is out of physical RAM or swap space
#   In 32 bit mode, the process size limit was hit
# Possible solutions:
#   Reduce memory load on the system
#   Increase physical memory or swap space
#   Check if swap backing store is full
#   Use 64 bit Java on a 64 bit OS
#   Decrease Java heap size (-Xmx/-Xms)
#   Decrease number of Java threads
#   Decrease Java thread stack sizes (-Xss)
#   Set larger code cache with -XX:ReservedCodeCacheSize=
# This output file may be truncated or incomplete.
#
#  Out of Memory Error (allocation.cpp:390), pid=5416, tid=0x000000000000009c
#
# JRE version: Java(TM) SE Runtime Environment (8.0_101-b13) (build 1.8.0_101-b13)
# Java VM: Java HotSpot(TM) 64-Bit Server VM (25.101-b13 mixed mode windows-amd64 compressed oops)
# Failed to write core dump. Minidumps are not enabled by default on client versions of Windows
#

---------------  T H R E A D  ---------------

Current thread (0x00000000155ca800):  JavaThread "C2 CompilerThread0" daemon [_thread_in_native, id=156, stack(0x00000000165f0000,0x00000000166f0000)]

Stack: [0x00000000165f0000,0x00000000166f0000]
[error occurred during error reporting (printing stack bounds), id 0xc0000005]

Native frames: (J=compiled Java code, j=interpreted, Vv=VM code, C=native code)


Current CompileTask:
C2:   8080 1646   !   4       com.android.dx.cf.code.BytecodeArray::parseInstruction (2764 bytes)


---------------  P R O C E S S  ---------------

Java Threads: ( => current thread )
  0x0000000016c1b000 JavaThread "pool-1-thread-4" [_thread_blocked, id=5876, stack(0x00000000171f0000,0x00000000172f0000)]
  0x0000000016c18000 JavaThread "pool-1-thread-3" [_thread_blocked, id=4280, stack(0x00000000170f0000,0x00000000171f0000)]
  0x0000000016c17000 JavaThread "pool-1-thread-2" [_thread_blocked, id=5588, stack(0x0000000016ff0000,0x00000000170f0000)]
  0x0000000016c15000 JavaThread "pool-2-thread-1" [_thread_blocked, id=4228, stack(0x0000000016ef0000,0x0000000016ff0000)]
  0x0000000016c14800 JavaThread "pool-1-thread-1" [_thread_blocked, id=3428, stack(0x0000000016df0000,0x0000000016ef0000)]
  0x000000001562b000 JavaThread "Service Thread" daemon [_thread_blocked, id=5004, stack(0x00000000167f0000,0x00000000168f0000)]
  0x0000000015625800 JavaThread "C1 CompilerThread1" daemon [_thread_blocked, id=3536, stack(0x00000000166f0000,0x00000000167f0000)]
=>0x00000000155ca800 JavaThread "C2 CompilerThread0" daemon [_thread_in_native, id=156, stack(0x00000000165f0000,0x00000000166f0000)]
  0x00000000155c8800 JavaThread "Attach Listener" daemon [_thread_blocked, id=188, stack(0x00000000164f0000,0x00000000165f0000)]
  0x000000000313e000 JavaThread "Signal Dispatcher" daemon [_thread_blocked, id=3584, stack(0x00000000163f0000,0x00000000164f0000)]
  0x0000000003130800 JavaThread "Finalizer" daemon [_thread_blocked, id=3684, stack(0x0000000016210000,0x0000000016310000)]
  0x000000000312c800 JavaThread "Reference Handler" daemon [_thread_blocked, id=6032, stack(0x0000000016110000,0x0000000016210000)]
  0x0000000003040800 JavaThread "main" [_thread_blocked, id=5948, stack(0x0000000002e40000,0x0000000002f40000)]

Other Threads:
  0x0000000015596000 VMThread [stack: 0x0000000016010000,0x0000000016110000] [id=3572]
  0x000000001563e000 WatcherThread [stack: 0x00000000168f0000,0x00000000169f0000] [id=1596]

VM state:not at safepoint (normal execution)

VM Mutex/Monitor currently owned by a thread: None

Heap:
 PSYoungGen      total 68096K, used 4976K [0x00000000eab00000, 0x00000000ef000000, 0x0000000100000000)
  eden space 65536K, 3% used [0x00000000eab00000,0x00000000ead64298,0x00000000eeb00000)
  from space 2560K, 98% used [0x00000000eed80000,0x00000000eeff8018,0x00000000ef000000)
  to   space 2560K, 0% used [0x00000000eeb00000,0x00000000eeb00000,0x00000000eed80000)
 ParOldGen       total 44032K, used 12252K [0x00000000c0000000, 0x00000000c2b00000, 0x00000000eab00000)
  object space 44032K, 27% used [0x00000000c0000000,0x00000000c0bf73b0,0x00000000c2b00000)
 Metaspace       used 6411K, capacity 7158K, committed 7296K, reserved 1056768K
  class space    used 608K, capacity 622K, committed 640K, reserved 1048576K

Card table byte_map: [0x0000000012500000,0x0000000012710000] byte_map_base: 0x0000000011f00000

Marking Bits: (ParMarkBitMap*) 0x000000005d7da6d0
 Begin Bits: [0x0000000012a70000, 0x0000000013a70000)
 End Bits:   [0x0000000013a70000, 0x0000000014a70000)

Polling page: 0x0000000002d10000

CodeCache: size=245760Kb used=6932Kb max_used=6932Kb free=238827Kb
 bounds [0x0000000003140000, 0x0000000003810000, 0x0000000012140000]
 total_blobs=2004 nmethods=1736 adapters=182
 compilation: enabled

Compilation events (10 events):
Event: 7.956 Thread 0x0000000015625800 1747       2       java.util.concurrent.FutureTask::get (23 bytes)
Event: 7.957 Thread 0x0000000015625800 nmethod 1747 0x0000000003807190 code [0x0000000003807300, 0x00000000038074b8]
Event: 7.957 Thread 0x0000000015625800 1748       2       com.android.dx.command.dexer.Main::access$2800 (5 bytes)
Event: 7.957 Thread 0x0000000015625800 nmethod 1748 0x0000000003807590 code [0x0000000003807700, 0x0000000003807a08]
Event: 7.957 Thread 0x0000000015625800 1749       2       com.android.dx.command.dexer.Main::access$2900 (5 bytes)
Event: 7.957 Thread 0x0000000015625800 nmethod 1749 0x0000000003807c10 code [0x0000000003807d60, 0x0000000003807eb0]
Event: 7.957 Thread 0x0000000015625800 1750   !   2       java.util.concurrent.LinkedBlockingQueue::take (93 bytes)
Event: 7.959 Thread 0x0000000015625800 nmethod 1750 0x0000000003807f50 code [0x00000000038081a0, 0x00000000038088d8]
Event: 7.997 Thread 0x0000000015625800 1751   !   2       com.android.dx.cf.direct.DirectClassFile::parse (75 bytes)
Event: 7.998 Thread 0x0000000015625800 nmethod 1751 0x00000000038093d0 code [0x00000000038095c0, 0x0000000003809c78]

GC Heap History (8 events):
Event: 2.650 GC heap before
{Heap before GC invocations=1 (full 0):
 PSYoungGen      total 18944K, used 16384K [0x00000000eab00000, 0x00000000ec000000, 0x0000000100000000)
  eden space 16384K, 100% used [0x00000000eab00000,0x00000000ebb00000,0x00000000ebb00000)
  from space 2560K, 0% used [0x00000000ebd80000,0x00000000ebd80000,0x00000000ec000000)
  to   space 2560K, 0% used [0x00000000ebb00000,0x00000000ebb00000,0x00000000ebd80000)
 ParOldGen       total 44032K, used 0K [0x00000000c0000000, 0x00000000c2b00000, 0x00000000eab00000)
  object space 44032K, 0% used [0x00000000c0000000,0x00000000c0000000,0x00000000c2b00000)
 Metaspace       used 5453K, capacity 6386K, committed 6528K, reserved 1056768K
  class space    used 596K, capacity 618K, committed 640K, reserved 1048576K
Event: 2.748 GC heap after
Heap after GC invocations=1 (full 0):
 PSYoungGen      total 18944K, used 2532K [0x00000000eab00000, 0x00000000ed000000, 0x0000000100000000)
  eden space 16384K, 0% used [0x00000000eab00000,0x00000000eab00000,0x00000000ebb00000)
  from space 2560K, 98% used [0x00000000ebb00000,0x00000000ebd792c0,0x00000000ebd80000)
  to   space 2560K, 0% used [0x00000000ecd80000,0x00000000ecd80000,0x00000000ed000000)
 ParOldGen       total 44032K, used 668K [0x00000000c0000000, 0x00000000c2b00000, 0x00000000eab00000)
  object space 44032K, 1% used [0x00000000c0000000,0x00000000c00a7250,0x00000000c2b00000)
 Metaspace       used 5453K, capacity 6386K, committed 6528K, reserved 1056768K
  class space    used 596K, capacity 618K, committed 640K, reserved 1048576K
}
Event: 4.317 GC heap before
{Heap before GC invocations=2 (full 0):
 PSYoungGen      total 18944K, used 18916K [0x00000000eab00000, 0x00000000ed000000, 0x0000000100000000)
  eden space 16384K, 100% used [0x00000000eab00000,0x00000000ebb00000,0x00000000ebb00000)
  from space 2560K, 98% used [0x00000000ebb00000,0x00000000ebd792c0,0x00000000ebd80000)
  to   space 2560K, 0% used [0x00000000ecd80000,0x00000000ecd80000,0x00000000ed000000)
 ParOldGen       total 44032K, used 668K [0x00000000c0000000, 0x00000000c2b00000, 0x00000000eab00000)
  object space 44032K, 1% used [0x00000000c0000000,0x00000000c00a7250,0x00000000c2b00000)
 Metaspace       used 6082K, capacity 6966K, committed 7040K, reserved 1056768K
  class space    used 606K, capacity 622K, committed 640K, reserved 1048576K
Event: 4.336 GC heap after
Heap after GC invocations=2 (full 0):
 PSYoungGen      total 35328K, used 2551K [0x00000000eab00000, 0x00000000ed000000, 0x0000000100000000)
  eden space 32768K, 0% used [0x00000000eab00000,0x00000000eab00000,0x00000000ecb00000)
  from space 2560K, 99% used [0x00000000ecd80000,0x00000000ecffdc88,0x00000000ed000000)
  to   space 2560K, 0% used [0x00000000ecb00000,0x00000000ecb00000,0x00000000ecd80000)
 ParOldGen       total 44032K, used 2194K [0x00000000c0000000, 0x00000000c2b00000, 0x00000000eab00000)
  object space 44032K, 4% used [0x00000000c0000000,0x00000000c0224938,0x00000000c2b00000)
 Metaspace       used 6082K, capacity 6966K, committed 7040K, reserved 1056768K
  class space    used 606K, capacity 622K, committed 640K, reserved 1048576K
}
Event: 6.355 GC heap before
{Heap before GC invocations=3 (full 0):
 PSYoungGen      total 35328K, used 35319K [0x00000000eab00000, 0x00000000ed000000, 0x0000000100000000)
  eden space 32768K, 100% used [0x00000000eab00000,0x00000000ecb00000,0x00000000ecb00000)
  from space 2560K, 99% used [0x00000000ecd80000,0x00000000ecffdc88,0x00000000ed000000)
  to   space 2560K, 0% used [0x00000000ecb00000,0x00000000ecb00000,0x00000000ecd80000)
 ParOldGen       total 44032K, used 2194K [0x00000000c0000000, 0x00000000c2b00000, 0x00000000eab00000)
  object space 44032K, 4% used [0x00000000c0000000,0x00000000c0224938,0x00000000c2b00000)
 Metaspace       used 6287K, capacity 7094K, committed 7296K, reserved 1056768K
  class space    used 607K, capacity 622K, committed 640K, reserved 1048576K
Event: 6.388 GC heap after
Heap after GC invocations=3 (full 0):
 PSYoungGen      total 35328K, used 2528K [0x00000000eab00000, 0x00000000ef000000, 0x0000000100000000)
  eden space 32768K, 0% used [0x00000000eab00000,0x00000000eab00000,0x00000000ecb00000)
  from space 2560K, 98% used [0x00000000ecb00000,0x00000000ecd78028,0x00000000ecd80000)
  to   space 2560K, 0% used [0x00000000eed80000,0x00000000eed80000,0x00000000ef000000)
 ParOldGen       total 44032K, used 6944K [0x00000000c0000000, 0x00000000c2b00000, 0x00000000eab00000)
  object space 44032K, 15% used [0x00000000c0000000,0x00000000c06c82b0,0x00000000c2b00000)
 Metaspace       used 6287K, capacity 7094K, committed 7296K, reserved 1056768K
  class space    used 607K, capacity 622K, committed 640K, reserved 1048576K
}
Event: 7.797 GC heap before
{Heap before GC invocations=4 (full 0):
 PSYoungGen      total 35328K, used 35296K [0x00000000eab00000, 0x00000000ef000000, 0x0000000100000000)
  eden space 32768K, 100% used [0x00000000eab00000,0x00000000ecb00000,0x00000000ecb00000)
  from space 2560K, 98% used [0x00000000ecb00000,0x00000000ecd78028,0x00000000ecd80000)
  to   space 2560K, 0% used [0x00000000eed80000,0x00000000eed80000,0x00000000ef000000)
 ParOldGen       total 44032K, used 6944K [0x00000000c0000000, 0x00000000c2b00000, 0x00000000eab00000)
  object space 44032K, 15% used [0x00000000c0000000,0x00000000c06c82b0,0x00000000c2b00000)
 Metaspace       used 6402K, capacity 7158K, committed 7296K, reserved 1056768K
  class space    used 608K, capacity 622K, committed 640K, reserved 1048576K
Event: 7.904 GC heap after
Heap after GC invocations=4 (full 0):
 PSYoungGen      total 68096K, used 2528K [0x00000000eab00000, 0x00000000ef000000, 0x0000000100000000)
  eden space 65536K, 0% used [0x00000000eab00000,0x00000000eab00000,0x00000000eeb00000)
  from space 2560K, 98% used [0x00000000eed80000,0x00000000eeff8018,0x00000000ef000000)
  to   space 2560K, 0% used [0x00000000eeb00000,0x00000000eeb00000,0x00000000eed80000)
 ParOldGen       total 44032K, used 12252K [0x00000000c0000000, 0x00000000c2b00000, 0x00000000eab00000)
  object space 44032K, 27% used [0x00000000c0000000,0x00000000c0bf73b0,0x00000000c2b00000)
 Metaspace       used 6402K, capacity 7158K, committed 7296K, reserved 1056768K
  class space    used 608K, capacity 622K, committed 640K, reserved 1048576K
}

Deoptimization events (10 events):
Event: 2.922 Thread 0x0000000003040800 Uncommon trap: reason=class_check action=maybe_recompile pc=0x00000000033767b0 method=com.android.dx.ssa.NormalSsaInsn.accept(Lcom/android/dx/ssa/SsaInsn$Visitor;)V @ 9
Event: 3.802 Thread 0x0000000016c17000 Uncommon trap: reason=unstable_if action=reinterpret pc=0x00000000034deb5c method=com.android.dx.rop.cst.Constant.compareTo(Lcom/android/dx/rop/cst/Constant;)I @ 12
Event: 6.283 Thread 0x0000000016c17000 Uncommon trap: reason=unstable_if action=reinterpret pc=0x000000000376ffe4 method=com.android.dx.ssa.SCCP.simulateStmt(Lcom/android/dx/ssa/SsaInsn;)V @ 53
Event: 7.237 Thread 0x0000000016c1b000 Uncommon trap: reason=unstable_if action=reinterpret pc=0x00000000035836c8 method=com.android.dx.rop.code.RegisterSpecSet.<init>(I)V @ 2
Event: 7.289 Thread 0x0000000016c18000 Uncommon trap: reason=unstable_if action=reinterpret pc=0x00000000037a7e80 method=com.android.dx.ssa.LiteralOpUpgrader$1.visitNonMoveInsn(Lcom/android/dx/ssa/NormalSsaInsn;)V @ 55
Event: 7.290 Thread 0x0000000016c18000 Uncommon trap: reason=unstable_if action=reinterpret pc=0x00000000035ae8dc method=com.android.dx.ssa.SsaMethod.updateOneDefinition(Lcom/android/dx/ssa/SsaInsn;Lcom/android/dx/rop/code/RegisterSpec;)V @ 4
Event: 7.917 Thread 0x0000000016c18000 Uncommon trap: reason=bimorphic action=maybe_recompile pc=0x00000000037dab34 method=com.android.dx.ssa.SCCP.setLatticeValueTo(IILcom/android/dx/rop/cst/Constant;)Z @ 43
Event: 7.917 Thread 0x0000000016c18000 Uncommon trap: reason=bimorphic action=maybe_recompile pc=0x00000000037dab34 method=com.android.dx.ssa.SCCP.setLatticeValueTo(IILcom/android/dx/rop/cst/Constant;)Z @ 43
Event: 7.917 Thread 0x0000000016c18000 Uncommon trap: reason=bimorphic action=maybe_recompile pc=0x00000000037dab34 method=com.android.dx.ssa.SCCP.setLatticeValueTo(IILcom/android/dx/rop/cst/Constant;)Z @ 43
Event: 7.917 Thread 0x0000000016c18000 Uncommon trap: reason=bimorphic action=maybe_recompile pc=0x00000000037dab34 method=com.android.dx.ssa.SCCP.setLatticeValueTo(IILcom/android/dx/rop/cst/Constant;)Z @ 43

Internal exceptions (2 events):
Event: 0.097 Thread 0x0000000003040800 Exception <a 'java/lang/NoSuchMethodError': Method sun.misc.Unsafe.defineClass(Ljava/lang/String;[BII)Ljava/lang/Class; name or signature does not match> (0x00000000eab07cc0) thrown at [C:\re\workspace\8-2-build-windows-amd64-cygwin\jdk8u101\7261\hotspot\sÒÚàÍ¸?
Event: 0.097 Thread 0x0000000003040800 Exception <a 'java/lang/NoSuchMethodError': Method sun.misc.Unsafe.prefetchRead(Ljava/lang/Object;J)V name or signature does not match> (0x00000000eab07fa8) thrown at [C:\re\workspace\8-2-build-windows-amd64-cygwin\jdk8u101\7261\hotspot\src\share\vm\prims\

Events (10 events):
Event: 7.917 Thread 0x0000000016c18000 DEOPT UNPACKING pc=0x000000000318556a sp=0x00000000171ee7c8 mode 2
Event: 7.917 Thread 0x0000000016c18000 Uncommon trap: trap_request=0xffffffc6 fr.pc=0x00000000037dab34
Event: 7.917 Thread 0x0000000016c18000 DEOPT PACKING pc=0x00000000037dab34 sp=0x00000000171ee870
Event: 7.917 Thread 0x0000000016c18000 DEOPT UNPACKING pc=0x000000000318556a sp=0x00000000171ee7c8 mode 2
Event: 7.917 Thread 0x0000000016c18000 Uncommon trap: trap_request=0xffffffc6 fr.pc=0x00000000037dab34
Event: 7.917 Thread 0x0000000016c18000 DEOPT PACKING pc=0x00000000037dab34 sp=0x00000000171ee910
Event: 7.917 Thread 0x0000000016c18000 DEOPT UNPACKING pc=0x000000000318556a sp=0x00000000171ee868 mode 2
Event: 7.917 Thread 0x0000000016c18000 Uncommon trap: trap_request=0xffffffc6 fr.pc=0x00000000037dab34
Event: 7.917 Thread 0x0000000016c18000 DEOPT PACKING pc=0x00000000037dab34 sp=0x00000000171ee910
Event: 7.917 Thread 0x0000000016c18000 DEOPT UNPACKING pc=0x000000000318556a sp=0x00000000171ee868 mode 2


Dynamic libraries:
0x00007ff759730000 - 0x00007ff759767000 	C:\Program Files\Java\jdk1.8.0_101\bin\java.exe
0x00007ffc13790000 - 0x00007ffc13951000 	C:\Windows\SYSTEM32\ntdll.dll
0x00007ffc132f0000 - 0x00007ffc1339d000 	C:\Windows\system32\KERNEL32.DLL
0x00007ffc108a0000 - 0x00007ffc10a88000 	C:\Windows\system32\KERNELBASE.dll
0x00007ffc129c0000 - 0x00007ffc12a67000 	C:\Windows\system32\ADVAPI32.dll
0x00007ffc10c00000 - 0x00007ffc10c9d000 	C:\Windows\system32\msvcrt.dll
0x00007ffc12950000 - 0x00007ffc129ab000 	C:\Windows\system32\sechost.dll
0x00007ffc12ea0000 - 0x00007ffc12fbc000 	C:\Windows\system32\RPCRT4.dll
0x00007ffc10e70000 - 0x00007ffc10fc6000 	C:\Windows\system32\USER32.dll
0x00007ffc133a0000 - 0x00007ffc13526000 	C:\Windows\system32\GDI32.dll
0x00007ffc04d80000 - 0x00007ffc04ff4000 	C:\Windows\WinSxS\amd64_microsoft.windows.common-controls_6595b64144ccf1df_6.0.10586.589_none_a2ddb3caa539acce\COMCTL32.dll
0x00007ffc12530000 - 0x00007ffc127ad000 	C:\Windows\system32\combase.dll
0x00007ffc10830000 - 0x00007ffc1089a000 	C:\Windows\system32\bcryptPrimitives.dll
0x00007ffc13750000 - 0x00007ffc1378b000 	C:\Windows\system32\IMM32.DLL
0x000000005c440000 - 0x000000005c512000 	C:\Program Files\Java\jdk1.8.0_101\jre\bin\msvcr100.dll
0x000000005cfc0000 - 0x000000005d85a000 	C:\Program Files\Java\jdk1.8.0_101\jre\bin\server\jvm.dll
0x00007ffc129b0000 - 0x00007ffc129b8000 	C:\Windows\system32\PSAPI.DLL
0x00007ffc0bd00000 - 0x00007ffc0bd09000 	C:\Windows\SYSTEM32\WSOCK32.dll
0x00007ffc10b90000 - 0x00007ffc10bfb000 	C:\Windows\system32\WS2_32.dll
0x00007ffc0dd90000 - 0x00007ffc0ddb3000 	C:\Windows\SYSTEM32\WINMM.dll
0x00007ffc0cb40000 - 0x00007ffc0cb4a000 	C:\Windows\SYSTEM32\VERSION.dll
0x00007ffc0dd60000 - 0x00007ffc0dd8c000 	C:\Windows\SYSTEM32\WINMMBASE.dll
0x00007ffc10b40000 - 0x00007ffc10b83000 	C:\Windows\system32\cfgmgr32.dll
0x000000005ced0000 - 0x000000005cedf000 	C:\Program Files\Java\jdk1.8.0_101\jre\bin\verify.dll
0x000000005cea0000 - 0x000000005cec9000 	C:\Program Files\Java\jdk1.8.0_101\jre\bin\java.dll
0x000000005ce80000 - 0x000000005ce96000 	C:\Program Files\Java\jdk1.8.0_101\jre\bin\zip.dll
0x00007ffc10fd0000 - 0x00007ffc1252c000 	C:\Windows\system32\SHELL32.dll
0x00007ffc0ff00000 - 0x00007ffc10545000 	C:\Windows\system32\windows.storage.dll
0x00007ffc13640000 - 0x00007ffc13692000 	C:\Windows\system32\shlwapi.dll
0x00007ffc0fe30000 - 0x00007ffc0fe3f000 	C:\Windows\system32\kernel.appcore.dll
0x00007ffc0fe40000 - 0x00007ffc0fef5000 	C:\Windows\system32\shcore.dll
0x00007ffc0fdb0000 - 0x00007ffc0fdfb000 	C:\Windows\system32\powrprof.dll
0x00007ffc0fe00000 - 0x00007ffc0fe14000 	C:\Windows\system32\profapi.dll

VM Arguments:
jvm_args: -Djava.awt.headless=true -Xmx1024M -Dfile.encoding=windows-1254 -Duser.country=TR -Duser.language=tr -Duser.variant 
java_command: com.android.dx.command.Main --dex --force-jumbo --num-threads=4 --output C:\Users\Mert\AndroidStudioProjects\RadioStar\app\build\intermediates\pre-dexed\debug\internal_impl-24.1.1_0d2daf965aac5b8283e28a0a7b3773dcec33c3ed.jar C:\Users\Mert\AndroidStudioProjects\RadioStar\app\build\intermediates\exploded-aar\com.android.support\support-v4\24.1.1\jars\libs\internal_impl-24.1.1.jar
java_class_path (initial): C:\Users\Mert\AppData\Local\Android\sdk\build-tools\24.0.1\lib\dx.jar
Launcher Type: SUN_STANDARD

Environment Variables:
PATH=C:\ProgramData\Oracle\Java\javapath;C:\Windows\system32;C:\Windows;C:\Windows\System32\Wbem;C:\Windows\System32\WindowsPowerShell\v1.0\
USERNAME=Mert
OS=Windows_NT
PROCESSOR_IDENTIFIER=Intel64 Family 6 Model 23 Stepping 10, GenuineIntel



---------------  S Y S T E M  ---------------

OS: Windows 10.0 , 64 bit Build 10586 (10.0.10586.589)

CPU:total 2 (2 cores per cpu, 1 threads per core) family 6 model 23 stepping 10, cmov, cx8, fxsr, mmx, sse, sse2, sse3, ssse3, sse4.1, tsc

Memory: 4k page, physical 4160700k(379360k free), swap 4160700k(4700k free)

vm_info: Java HotSpot(TM) 64-Bit Server VM (25.101-b13) for windows-amd64 JRE (1.8.0_101-b13), built on Jun 22 2016 01:21:29 by "java_re" with MS VC++ 10.0 (VS2010)

time: Sun Oct 02 17:31:47 2016
elapsed time: 8 seconds (0d 0h 0m 8s)

