#
# There is insufficient memory for the Java Runtime Environment to continue.
# Native memory allocation (malloc) failed to allocate 32744 bytes for ChunkPool::allocate
# Possible reasons:
#   The system is out of physical RAM or swap space
#   In 32 bit mode, the process size limit was hit
# Possible solutions:
#   Reduce memory load on the system
#   Increase physical memory or swap space
#   Check if swap backing store is full
#   Use 64 bit Java on a 64 bit OS
#   Decrease Java heap size (-Xmx/-Xms)
#   Decrease number of Java threads
#   Decrease Java thread stack sizes (-Xss)
#   Set larger code cache with -XX:ReservedCodeCacheSize=
# This output file may be truncated or incomplete.
#
#  Out of Memory Error (allocation.cpp:273), pid=3696, tid=0x0000000000001798
#
# JRE version: Java(TM) SE Runtime Environment (8.0_101-b13) (build 1.8.0_101-b13)
# Java VM: Java HotSpot(TM) 64-Bit Server VM (25.101-b13 mixed mode windows-amd64 compressed oops)
# Failed to write core dump. Minidumps are not enabled by default on client versions of Windows
#

---------------  T H R E A D  ---------------

Current thread (0x0000000014a0d800):  JavaThread "C2 CompilerThread0" daemon [_thread_in_native, id=6040, stack(0x0000000015a20000,0x0000000015b20000)]

Stack: [0x0000000015a20000,0x0000000015b20000]
[error occurred during error reporting (printing stack bounds), id 0xc0000005]

Native frames: (J=compiled Java code, j=interpreted, Vv=VM code, C=native code)


Current CompileTask:
C2:   6383 1540       4       com.android.dx.cf.code.ValueAwareMachine::run (1142 bytes)


---------------  P R O C E S S  ---------------

Java Threads: ( => current thread )
  0x0000000015f2a000 JavaThread "pool-1-thread-3" [_thread_in_vm, id=4884, stack(0x0000000016520000,0x0000000016620000)]
  0x0000000015ed0800 JavaThread "pool-1-thread-2" [_thread_in_vm, id=5016, stack(0x0000000016420000,0x0000000016520000)]
  0x0000000015e07800 JavaThread "pool-2-thread-1" [_thread_blocked, id=4712, stack(0x0000000016320000,0x0000000016420000)]
  0x0000000015e05000 JavaThread "pool-1-thread-1" [_thread_in_Java, id=2260, stack(0x0000000016220000,0x0000000016320000)]
  0x00000000024fa800 JavaThread "Service Thread" daemon [_thread_blocked, id=6048, stack(0x0000000015c20000,0x0000000015d20000)]
  0x0000000014a11000 JavaThread "C1 CompilerThread1" daemon [_thread_blocked, id=5156, stack(0x0000000015b20000,0x0000000015c20000)]
=>0x0000000014a0d800 JavaThread "C2 CompilerThread0" daemon [_thread_in_native, id=6040, stack(0x0000000015a20000,0x0000000015b20000)]
  0x0000000014a0c000 JavaThread "Attach Listener" daemon [_thread_blocked, id=3972, stack(0x0000000015920000,0x0000000015a20000)]
  0x0000000014a06800 JavaThread "Signal Dispatcher" daemon [_thread_blocked, id=5108, stack(0x0000000015820000,0x0000000015920000)]
  0x00000000024eb800 JavaThread "Finalizer" daemon [_thread_blocked, id=1620, stack(0x0000000015640000,0x0000000015740000)]
  0x00000000149f8800 JavaThread "Reference Handler" daemon [_thread_blocked, id=5596, stack(0x0000000015540000,0x0000000015640000)]
  0x0000000002400800 JavaThread "main" [_thread_blocked, id=5812, stack(0x0000000000a50000,0x0000000000b50000)]

Other Threads:
  0x00000000149d6000 VMThread [stack: 0x0000000015440000,0x0000000015540000] [id=4760]
  0x0000000014a69800 WatcherThread [stack: 0x0000000016120000,0x0000000016220000] [id=1856]

VM state:synchronizing (normal execution)

VM Mutex/Monitor currently owned by a thread:  ([mutex/lock_event])
[0x000000000257ba80] Safepoint_lock - owner thread: 0x00000000149d6000
[0x000000000257be80] Threads_lock - owner thread: 0x00000000149d6000

Heap:
 PSYoungGen      total 68096K, used 12717K [0x00000000eab00000, 0x00000000f5900000, 0x0000000100000000)
  eden space 65536K, 19% used [0x00000000eab00000,0x00000000eb76b4a0,0x00000000eeb00000)
  from space 2560K, 0% used [0x00000000eeb00000,0x00000000eeb00000,0x00000000eed80000)
  to   space 23552K, 0% used [0x00000000f4200000,0x00000000f4200000,0x00000000f5900000)
 ParOldGen       total 44032K, used 28596K [0x00000000c0000000, 0x00000000c2b00000, 0x00000000eab00000)
  object space 44032K, 64% used [0x00000000c0000000,0x00000000c1bed328,0x00000000c2b00000)
 Metaspace       used 6023K, capacity 7088K, committed 7296K, reserved 1056768K
  class space    used 587K, capacity 616K, committed 640K, reserved 1048576K

Card table byte_map: [0x0000000011940000,0x0000000011b50000] byte_map_base: 0x0000000011340000

Marking Bits: (ParMarkBitMap*) 0x000000005d7da6d0
 Begin Bits: [0x0000000011eb0000, 0x0000000012eb0000)
 End Bits:   [0x0000000012eb0000, 0x0000000013eb0000)

Polling page: 0x0000000000b50000

CodeCache: size=245760Kb used=6678Kb max_used=6686Kb free=239081Kb
 bounds [0x0000000002580000, 0x0000000002c10000, 0x0000000011580000]
 total_blobs=1860 nmethods=1600 adapters=175
 compilation: enabled

Compilation events (10 events):
Event: 5.193 Thread 0x0000000014a11000 1650   !   3       com.android.dx.cf.code.Ropper::doit (126 bytes)
Event: 5.195 Thread 0x0000000014a11000 nmethod 1650 0x0000000002c02510 code [0x0000000002c02800, 0x0000000002c03c58]
Event: 5.248 Thread 0x0000000014a0d800 nmethod 1526 0x0000000002c094d0 code [0x0000000002c09860, 0x0000000002c0b768]
Event: 5.249 Thread 0x0000000014a0d800 1540       4       com.android.dx.cf.code.ValueAwareMachine::run (1142 bytes)
Event: 5.308 Thread 0x0000000014a11000 1661       2       com.android.dx.ssa.PhiInsn::updateSourcesToDefinitions (68 bytes)
Event: 5.309 Thread 0x0000000014a11000 nmethod 1661 0x0000000002be6c90 code [0x0000000002be6e40, 0x0000000002be7218]
Event: 5.325 Thread 0x0000000014a11000 1663       2       com.android.dx.dex.code.RopTranslator$TranslationVisitor::visitSwitchInsn (237 bytes)
Event: 5.328 Thread 0x0000000014a11000 nmethod 1663 0x0000000002c07850 code [0x0000000002c07ac0, 0x0000000002c084b8]
Event: 5.333 Thread 0x0000000014a11000 1664       2       java.util.concurrent.locks.ReentrantLock::unlock (10 bytes)
Event: 5.334 Thread 0x0000000014a11000 nmethod 1664 0x0000000002be6810 code [0x0000000002be6980, 0x0000000002be6b78]

GC Heap History (10 events):
Event: 2.104 GC heap before
{Heap before GC invocations=2 (full 0):
 PSYoungGen      total 18944K, used 18926K [0x00000000eab00000, 0x00000000ed000000, 0x0000000100000000)
  eden space 16384K, 100% used [0x00000000eab00000,0x00000000ebb00000,0x00000000ebb00000)
  from space 2560K, 99% used [0x00000000ebb00000,0x00000000ebd7ba60,0x00000000ebd80000)
  to   space 2560K, 0% used [0x00000000ecd80000,0x00000000ecd80000,0x00000000ed000000)
 ParOldGen       total 44032K, used 1806K [0x00000000c0000000, 0x00000000c2b00000, 0x00000000eab00000)
  object space 44032K, 4% used [0x00000000c0000000,0x00000000c01c3bd8,0x00000000c2b00000)
 Metaspace       used 5771K, capacity 6832K, committed 7040K, reserved 1056768K
  class space    used 580K, capacity 616K, committed 640K, reserved 1048576K
Event: 2.127 GC heap after
Heap after GC invocations=2 (full 0):
 PSYoungGen      total 35328K, used 2541K [0x00000000eab00000, 0x00000000ed000000, 0x0000000100000000)
  eden space 32768K, 0% used [0x00000000eab00000,0x00000000eab00000,0x00000000ecb00000)
  from space 2560K, 99% used [0x00000000ecd80000,0x00000000ecffb608,0x00000000ed000000)
  to   space 2560K, 0% used [0x00000000ecb00000,0x00000000ecb00000,0x00000000ecd80000)
 ParOldGen       total 44032K, used 4559K [0x00000000c0000000, 0x00000000c2b00000, 0x00000000eab00000)
  object space 44032K, 10% used [0x00000000c0000000,0x00000000c0473d18,0x00000000c2b00000)
 Metaspace       used 5771K, capacity 6832K, committed 7040K, reserved 1056768K
  class space    used 580K, capacity 616K, committed 640K, reserved 1048576K
}
Event: 3.270 GC heap before
{Heap before GC invocations=3 (full 0):
 PSYoungGen      total 35328K, used 35309K [0x00000000eab00000, 0x00000000ed000000, 0x0000000100000000)
  eden space 32768K, 100% used [0x00000000eab00000,0x00000000ecb00000,0x00000000ecb00000)
  from space 2560K, 99% used [0x00000000ecd80000,0x00000000ecffb608,0x00000000ed000000)
  to   space 2560K, 0% used [0x00000000ecb00000,0x00000000ecb00000,0x00000000ecd80000)
 ParOldGen       total 44032K, used 4559K [0x00000000c0000000, 0x00000000c2b00000, 0x00000000eab00000)
  object space 44032K, 10% used [0x00000000c0000000,0x00000000c0473d18,0x00000000c2b00000)
 Metaspace       used 5896K, capacity 6960K, committed 7040K, reserved 1056768K
  class space    used 584K, capacity 616K, committed 640K, reserved 1048576K
Event: 3.302 GC heap after
Heap after GC invocations=3 (full 0):
 PSYoungGen      total 35328K, used 2529K [0x00000000eab00000, 0x00000000ef000000, 0x0000000100000000)
  eden space 32768K, 0% used [0x00000000eab00000,0x00000000eab00000,0x00000000ecb00000)
  from space 2560K, 98% used [0x00000000ecb00000,0x00000000ecd785b0,0x00000000ecd80000)
  to   space 2560K, 0% used [0x00000000eed80000,0x00000000eed80000,0x00000000ef000000)
 ParOldGen       total 44032K, used 9022K [0x00000000c0000000, 0x00000000c2b00000, 0x00000000eab00000)
  object space 44032K, 20% used [0x00000000c0000000,0x00000000c08cf950,0x00000000c2b00000)
 Metaspace       used 5896K, capacity 6960K, committed 7040K, reserved 1056768K
  class space    used 584K, capacity 616K, committed 640K, reserved 1048576K
}
Event: 3.804 GC heap before
{Heap before GC invocations=4 (full 0):
 PSYoungGen      total 35328K, used 35297K [0x00000000eab00000, 0x00000000ef000000, 0x0000000100000000)
  eden space 32768K, 100% used [0x00000000eab00000,0x00000000ecb00000,0x00000000ecb00000)
  from space 2560K, 98% used [0x00000000ecb00000,0x00000000ecd785b0,0x00000000ecd80000)
  to   space 2560K, 0% used [0x00000000eed80000,0x00000000eed80000,0x00000000ef000000)
 ParOldGen       total 44032K, used 9022K [0x00000000c0000000, 0x00000000c2b00000, 0x00000000eab00000)
  object space 44032K, 20% used [0x00000000c0000000,0x00000000c08cf950,0x00000000c2b00000)
 Metaspace       used 5917K, capacity 6960K, committed 7040K, reserved 1056768K
  class space    used 587K, capacity 616K, committed 640K, reserved 1048576K
Event: 3.876 GC heap after
Heap after GC invocations=4 (full 0):
 PSYoungGen      total 68096K, used 2536K [0x00000000eab00000, 0x00000000ef000000, 0x0000000100000000)
  eden space 65536K, 0% used [0x00000000eab00000,0x00000000eab00000,0x00000000eeb00000)
  from space 2560K, 99% used [0x00000000eed80000,0x00000000eeffa360,0x00000000ef000000)
  to   space 2560K, 0% used [0x00000000eeb00000,0x00000000eeb00000,0x00000000eed80000)
 ParOldGen       total 44032K, used 21004K [0x00000000c0000000, 0x00000000c2b00000, 0x00000000eab00000)
  object space 44032K, 47% used [0x00000000c0000000,0x00000000c1483098,0x00000000c2b00000)
 Metaspace       used 5917K, capacity 6960K, committed 7040K, reserved 1056768K
  class space    used 587K, capacity 616K, committed 640K, reserved 1048576K
}
Event: 5.384 GC heap before
{Heap before GC invocations=5 (full 0):
 PSYoungGen      total 68096K, used 68072K [0x00000000eab00000, 0x00000000ef000000, 0x0000000100000000)
  eden space 65536K, 100% used [0x00000000eab00000,0x00000000eeb00000,0x00000000eeb00000)
  from space 2560K, 99% used [0x00000000eed80000,0x00000000eeffa360,0x00000000ef000000)
  to   space 2560K, 0% used [0x00000000eeb00000,0x00000000eeb00000,0x00000000eed80000)
 ParOldGen       total 44032K, used 21004K [0x00000000c0000000, 0x00000000c2b00000, 0x00000000eab00000)
  object space 44032K, 47% used [0x00000000c0000000,0x00000000c1483098,0x00000000c2b00000)
 Metaspace       used 6023K, capacity 7088K, committed 7296K, reserved 1056768K
  class space    used 587K, capacity 616K, committed 640K, reserved 1048576K
Event: 5.557 GC heap after
Heap after GC invocations=5 (full 0):
 PSYoungGen      total 68096K, used 2550K [0x00000000eab00000, 0x00000000f5900000, 0x0000000100000000)
  eden space 65536K, 0% used [0x00000000eab00000,0x00000000eab00000,0x00000000eeb00000)
  from space 2560K, 99% used [0x00000000eeb00000,0x00000000eed7d8e0,0x00000000eed80000)
  to   space 23552K, 0% used [0x00000000f4200000,0x00000000f4200000,0x00000000f5900000)
 ParOldGen       total 44032K, used 41488K [0x00000000c0000000, 0x00000000c2b00000, 0x00000000eab00000)
  object space 44032K, 94% used [0x00000000c0000000,0x00000000c2884090,0x00000000c2b00000)
 Metaspace       used 6023K, capacity 7088K, committed 7296K, reserved 1056768K
  class space    used 587K, capacity 616K, committed 640K, reserved 1048576K
}
Event: 5.557 GC heap before
{Heap before GC invocations=6 (full 1):
 PSYoungGen      total 68096K, used 2550K [0x00000000eab00000, 0x00000000f5900000, 0x0000000100000000)
  eden space 65536K, 0% used [0x00000000eab00000,0x00000000eab00000,0x00000000eeb00000)
  from space 2560K, 99% used [0x00000000eeb00000,0x00000000eed7d8e0,0x00000000eed80000)
  to   space 23552K, 0% used [0x00000000f4200000,0x00000000f4200000,0x00000000f5900000)
 ParOldGen       total 44032K, used 41488K [0x00000000c0000000, 0x00000000c2b00000, 0x00000000eab00000)
  object space 44032K, 94% used [0x00000000c0000000,0x00000000c2884090,0x00000000c2b00000)
 Metaspace       used 6023K, capacity 7088K, committed 7296K, reserved 1056768K
  class space    used 587K, capacity 616K, committed 640K, reserved 1048576K
Event: 6.304 GC heap after
Heap after GC invocations=6 (full 1):
 PSYoungGen      total 68096K, used 0K [0x00000000eab00000, 0x00000000f5900000, 0x0000000100000000)
  eden space 65536K, 0% used [0x00000000eab00000,0x00000000eab00000,0x00000000eeb00000)
  from space 2560K, 0% used [0x00000000eeb00000,0x00000000eeb00000,0x00000000eed80000)
  to   space 23552K, 0% used [0x00000000f4200000,0x00000000f4200000,0x00000000f5900000)
 ParOldGen       total 44032K, used 28596K [0x00000000c0000000, 0x00000000c2b00000, 0x00000000eab00000)
  object space 44032K, 64% used [0x00000000c0000000,0x00000000c1bed328,0x00000000c2b00000)
 Metaspace       used 6023K, capacity 7088K, committed 7296K, reserved 1056768K
  class space    used 587K, capacity 616K, committed 640K, reserved 1048576K
}

Deoptimization events (10 events):
Event: 3.365 Thread 0x0000000015e05000 Uncommon trap: reason=unstable_if action=reinterpret pc=0x0000000002a3c964 method=com.android.dx.rop.code.RegisterSpec.equals(ILcom/android/dx/rop/type/TypeBearer;Lcom/android/dx/rop/code/LocalItem;)Z @ 16
Event: 3.365 Thread 0x0000000015e05000 Uncommon trap: reason=class_check action=maybe_recompile pc=0x00000000028ce85c method=com.android.dx.rop.type.Type.equals(Ljava/lang/Object;)Z @ 8
Event: 3.373 Thread 0x0000000015e05000 Uncommon trap: reason=unstable_if action=reinterpret pc=0x000000000299f7f8 method=com.android.dx.cf.code.Ropper.labelToResultIndex(I)I @ 34
Event: 3.373 Thread 0x0000000015e05000 Uncommon trap: reason=unstable_if action=reinterpret pc=0x00000000028900f0 method=com.android.dx.rop.code.RegisterSpec.equals(ILcom/android/dx/rop/type/TypeBearer;Lcom/android/dx/rop/code/LocalItem;)Z @ 16
Event: 3.373 Thread 0x0000000015e05000 Uncommon trap: reason=class_check action=maybe_recompile pc=0x00000000028ce85c method=com.android.dx.rop.type.Type.equals(Ljava/lang/Object;)Z @ 8
Event: 3.379 Thread 0x0000000015e05000 Uncommon trap: reason=class_check action=maybe_recompile pc=0x00000000028ce85c method=com.android.dx.rop.type.Type.equals(Ljava/lang/Object;)Z @ 8
Event: 3.379 Thread 0x0000000015e05000 Uncommon trap: reason=class_check action=maybe_recompile pc=0x00000000028ce85c method=com.android.dx.rop.type.Type.equals(Ljava/lang/Object;)Z @ 8
Event: 3.386 Thread 0x0000000015e05000 Uncommon trap: reason=unstable_if action=reinterpret pc=0x00000000029cb74c method=com.android.dx.dex.code.OutputFinisher.hasLocalInfo(Lcom/android/dx/dex/code/DalvInsn;)Z @ 24
Event: 3.395 Thread 0x0000000015e05000 Uncommon trap: reason=unstable_if action=reinterpret pc=0x000000000299c0c4 method=com.android.dx.rop.code.RegisterSpec.equals(ILcom/android/dx/rop/type/TypeBearer;Lcom/android/dx/rop/code/LocalItem;)Z @ 16
Event: 4.924 Thread 0x0000000015f2b000 Uncommon trap: reason=unstable_if action=reinterpret pc=0x0000000002a1f68c method=com.android.dx.cf.code.Merger.isPossiblyAssignableFrom(Lcom/android/dx/rop/type/TypeBearer;Lcom/android/dx/rop/type/TypeBearer;)Z @ 131

Internal exceptions (3 events):
Event: 0.061 Thread 0x0000000002400800 Exception <a 'java/lang/NoSuchMethodError': Method sun.misc.Unsafe.defineClass(Ljava/lang/String;[BII)Ljava/lang/Class; name or signature does not match> (0x00000000eab07cc0) thrown at [C:\re\workspace\8-2-build-windows-amd64-cygwin\jdk8u101\7261\hotspot\sèœ;UŒ¯?
Event: 0.062 Thread 0x0000000002400800 Exception <a 'java/lang/NoSuchMethodError': Method sun.misc.Unsafe.prefetchRead(Ljava/lang/Object;J)V name or signature does not match> (0x00000000eab07fa8) thrown at [C:\re\workspace\8-2-build-windows-amd64-cygwin\jdk8u101\7261\hotspot\src\share\vm\prims\ðWÇ:Õ	@
Event: 3.141 Thread 0x0000000015e05000 Implicit null exception at 0x0000000002aa8fcb to 0x0000000002aa9c45

Events (10 events):
Event: 4.988 Thread 0x0000000015ed0800 DEOPT PACKING pc=0x0000000002aa78eb sp=0x000000001651e8c0
Event: 4.988 Thread 0x0000000015ed0800 DEOPT UNPACKING pc=0x00000000025c71bf sp=0x000000001651e618 mode 0
Event: 4.996 Thread 0x0000000015ed0800 DEOPT PACKING pc=0x0000000002aa0472 sp=0x000000001651e6d0
Event: 4.996 Thread 0x0000000015ed0800 DEOPT UNPACKING pc=0x00000000025c71bf sp=0x000000001651e498 mode 0
Event: 5.195 Thread 0x0000000015e05000 DEOPT PACKING pc=0x0000000002a208c9 sp=0x000000001631ef80
Event: 5.195 Thread 0x0000000015e05000 DEOPT UNPACKING pc=0x00000000025c71bf sp=0x000000001631ed00 mode 0
Event: 5.334 Thread 0x0000000015f2b000 Thread exited: 0x0000000015f2b000
Event: 5.384 Executing VM operation: ParallelGCFailedAllocation
Event: 6.304 Executing VM operation: ParallelGCFailedAllocation done
Event: 6.378 Executing VM operation: RevokeBias


Dynamic libraries:
0x00007ff759730000 - 0x00007ff759767000 	C:\Program Files\Java\jdk1.8.0_101\bin\java.exe
0x00007ffc13790000 - 0x00007ffc13951000 	C:\Windows\SYSTEM32\ntdll.dll
0x00007ffc132f0000 - 0x00007ffc1339d000 	C:\Windows\system32\KERNEL32.DLL
0x00007ffc108a0000 - 0x00007ffc10a88000 	C:\Windows\system32\KERNELBASE.dll
0x00007ffc129c0000 - 0x00007ffc12a67000 	C:\Windows\system32\ADVAPI32.dll
0x00007ffc10c00000 - 0x00007ffc10c9d000 	C:\Windows\system32\msvcrt.dll
0x00007ffc12950000 - 0x00007ffc129ab000 	C:\Windows\system32\sechost.dll
0x00007ffc12ea0000 - 0x00007ffc12fbc000 	C:\Windows\system32\RPCRT4.dll
0x00007ffc10e70000 - 0x00007ffc10fc6000 	C:\Windows\system32\USER32.dll
0x00007ffc133a0000 - 0x00007ffc13526000 	C:\Windows\system32\GDI32.dll
0x00007ffc04d80000 - 0x00007ffc04ff4000 	C:\Windows\WinSxS\amd64_microsoft.windows.common-controls_6595b64144ccf1df_6.0.10586.589_none_a2ddb3caa539acce\COMCTL32.dll
0x00007ffc12530000 - 0x00007ffc127ad000 	C:\Windows\system32\combase.dll
0x00007ffc10830000 - 0x00007ffc1089a000 	C:\Windows\system32\bcryptPrimitives.dll
0x00007ffc13750000 - 0x00007ffc1378b000 	C:\Windows\system32\IMM32.DLL
0x000000005c440000 - 0x000000005c512000 	C:\Program Files\Java\jdk1.8.0_101\jre\bin\msvcr100.dll
0x000000005cfc0000 - 0x000000005d85a000 	C:\Program Files\Java\jdk1.8.0_101\jre\bin\server\jvm.dll
0x00007ffc129b0000 - 0x00007ffc129b8000 	C:\Windows\system32\PSAPI.DLL
0x00007ffc0bd00000 - 0x00007ffc0bd09000 	C:\Windows\SYSTEM32\WSOCK32.dll
0x00007ffc10b90000 - 0x00007ffc10bfb000 	C:\Windows\system32\WS2_32.dll
0x00007ffc0dd90000 - 0x00007ffc0ddb3000 	C:\Windows\SYSTEM32\WINMM.dll
0x00007ffc0cb40000 - 0x00007ffc0cb4a000 	C:\Windows\SYSTEM32\VERSION.dll
0x00007ffc0dd60000 - 0x00007ffc0dd8c000 	C:\Windows\SYSTEM32\WINMMBASE.dll
0x00007ffc10b40000 - 0x00007ffc10b83000 	C:\Windows\system32\cfgmgr32.dll
0x000000005ced0000 - 0x000000005cedf000 	C:\Program Files\Java\jdk1.8.0_101\jre\bin\verify.dll
0x000000005cea0000 - 0x000000005cec9000 	C:\Program Files\Java\jdk1.8.0_101\jre\bin\java.dll
0x000000005ce80000 - 0x000000005ce96000 	C:\Program Files\Java\jdk1.8.0_101\jre\bin\zip.dll
0x00007ffc10fd0000 - 0x00007ffc1252c000 	C:\Windows\system32\SHELL32.dll
0x00007ffc0ff00000 - 0x00007ffc10545000 	C:\Windows\system32\windows.storage.dll
0x00007ffc13640000 - 0x00007ffc13692000 	C:\Windows\system32\shlwapi.dll
0x00007ffc0fe30000 - 0x00007ffc0fe3f000 	C:\Windows\system32\kernel.appcore.dll
0x00007ffc0fe40000 - 0x00007ffc0fef5000 	C:\Windows\system32\shcore.dll
0x00007ffc0fdb0000 - 0x00007ffc0fdfb000 	C:\Windows\system32\powrprof.dll
0x00007ffc0fe00000 - 0x00007ffc0fe14000 	C:\Windows\system32\profapi.dll

VM Arguments:
jvm_args: -Djava.awt.headless=true -Xmx1024M -Dfile.encoding=windows-1254 -Duser.country=TR -Duser.language=tr -Duser.variant 
java_command: com.android.dx.command.Main --dex --force-jumbo --num-threads=4 --output C:\Users\Mert\AndroidStudioProjects\RadioStar\app\build\intermediates\pre-dexed\debug\main_6b5b8c0326bf10eb921e77a04ffd65b6c3aacd12.jar C:\Users\Mert\AndroidStudioProjects\RadioStar\app\build\intermediates\transforms\instantRun\debug\folders\1\5\main
java_class_path (initial): C:\Users\Mert\AppData\Local\Android\sdk\build-tools\24.0.1\lib\dx.jar
Launcher Type: SUN_STANDARD

Environment Variables:
PATH=C:\ProgramData\Oracle\Java\javapath;C:\Windows\system32;C:\Windows;C:\Windows\System32\Wbem;C:\Windows\System32\WindowsPowerShell\v1.0\
USERNAME=Mert
OS=Windows_NT
PROCESSOR_IDENTIFIER=Intel64 Family 6 Model 23 Stepping 10, GenuineIntel



---------------  S Y S T E M  ---------------

OS: Windows 10.0 , 64 bit Build 10586 (10.0.10586.589)

CPU:total 2 (2 cores per cpu, 1 threads per core) family 6 model 23 stepping 10, cmov, cx8, fxsr, mmx, sse, sse2, sse3, ssse3, sse4.1, tsc

Memory: 4k page, physical 4160700k(424628k free), swap 4160700k(3744k free)

vm_info: Java HotSpot(TM) 64-Bit Server VM (25.101-b13) for windows-amd64 JRE (1.8.0_101-b13), built on Jun 22 2016 01:21:29 by "java_re" with MS VC++ 10.0 (VS2010)

time: Sun Oct 02 17:31:25 2016
elapsed time: 6 seconds (0d 0h 0m 6s)

